.
./Screenshot from 2021-02-24 00-06-22.png.0000
./Screenshot
./from
./181026candy.jpg
./181026hammerandsickle.jpg
./181026pumpkin1.jpg
./181026pumpkin2.jpg
./181026pumpkin3.jpg
./181026pumpkin4.jpg
./181026pumpkin5.jpg
./181026pumpkincarving.jpg
./181026pumpkins.jpg
./181103Waterloo1.jpg
./181103Waterloo2.jpg
./181103Waterloo3.jpg
./181103Waterloo4.jpg
./181103Waterloo5.jpg
./181103Waterloo6.jpg
./181103Waterloo7.jpg
./181110Toronto1.jpg
./181110Toronto2.jpg
./181110Toronto3.jpg
./181117McMaster1.jpg
./181117McMaster2.jpg
./181225100741148.jpg
./1812251060488741.jpg
./1812251225994761.jpg
./1812251238878609.jpg
./1812251457200741.jpg
./1812251486256147.jpg
./181225180172127.jpg
./1812251881678770.jpg
./1812251920425075.jpg
./181225196438452.jpg
./1812252082032534.jpg
./181225244315366.jpg
./181225396184463.jpg
./181225536763039.jpg
./181225604089129.jpg
./181225836610129.jpg
./20200905_213851.jpg.0000
./35126810
./35126810.html
./A.TXT
./background2.jpg.0000
./background.jpg.0000
./close.htm.0000
./discord-cody-hiscox-Hp5Acad1H0k-unsplash.jpg
./Distraction.mp4.0000
./donut.blend.0000
./donut.blend1.0000
./Donut.png
./donut.png.0000
./Donut.png.0000
./dummy
./dummy.sh
./error2.txt
./error.txt
./example.jpg.0000
./fetch_normal.sh
./fox.kra.0000
./furcon.jpg
./h@cker.bat
./honor6.jpg
./IMG_0451.JPG
./IMG_0964.JPG
./IMG_0979.JPG
./IMG_0991.JPG
./IMG_1015.JPG
./IMG_1027.JPG
./IMG_1028.JPG
./IMG_1032.JPG
./IMG_1050.JPG
./IMG_1058.JPG
./IMG_1130.JPG
./IMG_1133.JPG
./IMG_1145.JPG
./IMG_1170.JPG
./IMG_1173.JPG
./IMG_1180.JPG
./IMG_1288.JPG
./IMG_1753.JPG
./IMG_1754.JPG
./IMG_1755.JPG
./IMG_1756.JPG
./IMG_1757.JPG
./IMG_1759.JPG
./IMG_1760.JPG
./IMG_1761.JPG
./IMG_20190316_175917.jpg
./IMG_20190316_181905.jpg
./IMG_20190316_215357.jpg
./IMG_20190316_224218.jpg
./IMG_20190601_152419.jpg
./IMG_20190601_164754.jpg
./IMG_20190601_172514.jpg
./IMG_20190601_204917.jpg
./IMG_20190601_205615.jpg
./IMG_20190601_205617.jpg
./IMG_20190601_212937.dng
./IMG_20191022_121713.jpg
./IMG_20191026_212135.jpg
./IMG_20191026_220328.jpg
./IMG_20191026_230833.jpg
./IMG_20191026_230835.jpg
./IMG_20191111_133352.jpg
./IMG_20201011_001542.jpg.0000
./IMG_20201110_122205.jpg.png.0000
./IMG_20201110_122232.jpg.png.0000
./IMG_20201110_122300.jpg.png.0000
./IMG_20201110_122310.jpg.png.0000
./IMG_20201110_123422.jpg.png.0000
./IMG_20201110_123436.jpg.png.0000
./IMG_20201110_123450.jpg.png.0000
./IMG_20201110_123504.jpg.png.0000
./img_20210624_010030-jpg.png
./IMG_2239.JPG
./IMG_2243.JPG
./IMG_2268.JPG
./IMG_2273.JPG
./IMG_2279.JPG
./IMG_2289.JPG
./IMG_2304.JPG
./IMG_2307.JPG
./IMG_2326.JPG
./tp
./tp/IMG_20190710_095653.jpg
./tp/IMG_20190711_175014.jpg
./tp/IMG_20190714_105810.jpg
./tp/IMG_20190716_151753.jpg
./tp/IMG_20190720_093840.jpg
./tp/IMG_20190720_130510.jpg
./IMG_2337.JPG
./kall.jpg
./kona.pdf
./kona-pfp.png.0000
./load.htm
./logo-dummy.png.0000
./logo email.png.0000
./logo test.png.0000
./mae-1.png
./mae-2.png
./mae-colour-1.png
./mae-colour.png
./mae.png
./MEDIA.MP4
./modified.pdf.0000
./name card.pdf
./new-sas-student-intake-package (3).pdf.0000
./nipples fun fact.jpeg.0000
./not cute.png.0000
./Outcasted.zip.0000
./Outcasted.zip.0001
./pfp test2.kra-crop.png.0000
./proton-build.log
./psiphon-binary-netlify-build-2.sh.0000
./psiphon-binary-netlify-build-cachebypass.sh.0000
./psiphon-binary-netlify-build.sh.0000
./psiphon-config.json.0000
./psiphon.ubuntu.0000
./Rushed art for uTigerjieer - Imgur.jpg
./ryujinx-ACNH-crash.0000
./Screenshot_2019-01-08 r otherkin.png
./cryptominer.tar.xz
./Screenshot_2019-03-29-r-furry.png
./Screenshot_20190915_101756.jpg
./Screenshot_20191016_131855.jpg
./Screenshot-2019-10-1 Cloudflare - Web Performance Security.png
./Screenshot-2019-10-27 Wikipedia, the free encyclopedia.png
./Screenshot_20191212_011217.jpg
./Screenshot_2019-12-27 Account Disabled - Violation of TOS Community Guidelines Notification - arcticjieer gmail com - Gmail.png
./Screenshot-2019-9-16 Kiwi IRC - The web IRC client.png
./Screenshot_20200116_172226.jpg
./Screenshot_2020-02-09 Kiwi IRC - The web IRC client.png
./Screenshot_2020-02-11 Home - Quora.png
./Screenshot_2020-02-12 2019–20 Wuhan coronavirus outbreak - Wikipedia.png
./Screenshot_2020-03-01 Telegram Web.png
./Screenshot_2020-08-21(1) Twitch.png.0000
./Screenshot_2020-08-21 Twitch(3).png.0000
./Screenshot_2020-08-21 Twitch(4).png.0000
./Screenshot_2020-08-21 Twitch(5).png.0000
./Screenshot_2020-08-21 Twitch.png.0000
./Screenshot_2020-09-04 To financial office - tuoran zhang ontariotechu net - Ontario Tech University Mail.png.0000
./Screenshot_2020-09-05 Profile Twitter.png.0000
./Screenshot_2020-09-05 reddit.png.0000
./Screenshot_2020-11-30 Attention Financial Office - tuoran zhang ontariotechu net - Ontario Tech University Mail.png.0000
./Screenshot-from-2019-03-24-16-58-41.png
./Screenshot-from-2019-03-26-01-49-09.png
./Screenshot-from-2019-03-29-22-59-51.png
./Screenshot-from-2019-03-29-23-00-10.png
./Screenshot-from-2019-03-29-23-00-30.png
./Screenshot from 2019-11-01 19-12-34.png
./Screenshot_from_2019-12-05_23-04-34-1.png
./Screenshot_from_2019-12-05_23-04-34.png
./Screenshot from 2020-03-29 20-53-12.png
./Screenshot from 2020-04-01 22-01-46.png
./screenshot-from-2020-07-22-16-02-58.png
./Screenshot from 2020-08-14 01-41-06.png.0000
./Screenshot from 2020-08-20 23-32-23.png.0000
./Screenshot from 2020-08-20 23-32-30.png.0000
./Screenshot from 2020-08-27 17-52-25.png.0000
./Screenshot from 2020-08-31 18-11-13.png.0000
./Screenshot from 2020-11-10 20-36-25.png.0000
./server2.0000
./sexual-orientation.png
./sfwify-firefoxredirect.html
./Silverwing by Oppel Kenneth.epub
./simple-grid.css
./simple-grid.min.css
./softpaws.tar.xz.0000
./splash-screen-1.0.png
./splash-screen-1.png
./syslog.0000
./Table Top.blend.0000
./Summer Fox ☀️ - Who wants to escape reality and be here getting fursuit snugs right now-1310955313374339072.mp4.0000
./taylor-kiser-3PHZi-5wKiI-unsplash.jpg
./tBRKL3d6.jpg:medium.jpeg
./test.glb.0000
./test.jpeg
./test.xcf
./The End is Extremely Nigh.zip.0000
./The Prophet - Side 1 - Test Restoration Exerpt.flac.mp3
./The Prophet - Side 1 - Test Restoration Exerpt.flac.ogg
./TNZine Vol1Issue1 pages.pdf
./trackfail.png
./trackload.png
./trackload.xcf
./triangle.svg
./uld_V1.00.39_01.17.tar.gz.0000
./VID_20190601_202612.mp4
./VID_20190601_211629.mp4
./VID_20191026_213704-1.mp4
./VID_20191026_213704.mp4
./virginia_expanded.lst
./VirtualBox_MS-DOS_14_12_2019_00_55_14.png
./Xorg.0.log.gz.0000
./2021-02-24
./00-06-22.png
./index.lst
